--- Startup times for process: Primary (or UI client) ---

times in msec
 clock   self+sourced   self:  sourced script
 clock   elapsed:              other lines

000.001  000.001: --- NVIM STARTING ---
000.436  000.435: event init
000.540  000.104: early init
000.832  000.292: locale set
000.880  000.048: init first window
001.292  000.413: inits 1
001.308  000.016: window checked
001.312  000.003: parsing arguments
001.886  000.060  000.060: require('vim._core.shared')
001.986  000.004  000.004: require('string.buffer')
002.017  000.063  000.059: require('vim.inspect')
002.080  000.052  000.052: require('vim._core.options')
002.082  000.192  000.077: require('vim._core.editor')
002.131  000.048  000.048: require('vim._core.system')
002.133  000.331  000.030: require('vim._init_packages')
002.139  000.497: init lua interpreter
005.748  003.609: nvim_ui_attach
006.142  000.394: nvim_set_client_info
006.145  000.003: --- NVIM STARTED ---

--- Startup times for process: Embedded ---

times in msec
 clock   self+sourced   self:  sourced script
 clock   elapsed:              other lines

000.001  000.001: --- NVIM STARTING ---
000.136  000.135: event init
000.217  000.081: early init
000.502  000.285: locale set
000.535  000.033: init first window
001.010  000.475: inits 1
001.057  000.048: window checked
001.062  000.005: parsing arguments
001.922  000.071  000.071: require('vim._core.shared')
002.071  000.005  000.005: require('string.buffer')
002.107  000.068  000.063: require('vim.inspect')
002.173  000.055  000.055: require('vim._core.options')
002.176  000.249  000.126: require('vim._core.editor')
002.225  000.048  000.048: require('vim._core.system')
002.227  000.402  000.034: require('vim._init_packages')
002.229  000.765: init lua interpreter
002.300  000.071: expanding arguments
002.325  000.025: inits 2
002.605  000.281: init highlight
002.607  000.002: waiting for UI
002.954  000.347: done waiting for UI
003.005  000.051: clear screen
003.204  000.027  000.027: require('vim.keymap')
004.322  000.166  000.166: sourcing nvim_exec2()
004.364  000.012  000.012: require('vim._core.log')
007.179  001.036  001.036: require('vim.tty')
007.213  000.015  000.015: require('vim.text')
007.289  004.277  003.021: require('vim._core.defaults')
007.291  000.008: init default mappings & autocommands
007.624  000.308  000.308: sourcing /usr/local/share/nvim/runtime/ftplugin.vim
007.929  000.250  000.250: sourcing /usr/local/share/nvim/runtime/indent.vim
008.242  000.031  000.031: require('vim._core.ui2')
008.644  000.391  000.391: require('vim._core.ui2.cmdline')
009.502  000.854  000.854: require('vim._core.ui2.messages')
010.851  000.040  000.040: sourcing nvim_exec2() called at /usr/local/share/nvim/runtime/filetype.lua:0
010.857  000.331  000.292: sourcing /usr/local/share/nvim/runtime/filetype.lua
010.908  000.013  000.013: sourcing /usr/local/share/nvim/runtime/ftplugin.vim
010.938  000.007  000.007: sourcing /usr/local/share/nvim/runtime/indent.vim
010.952  001.342  000.991: require('options')
015.068  001.693  001.693: require('vim.lsp.protocol')
015.138  000.055  000.055: require('vim.fs')
015.177  002.211  000.462: require('vim.lsp.log')
017.361  000.009  000.009: require('vim._core.util')
017.399  002.218  002.208: require('vim.lsp.util')
018.239  000.381  000.381: require('vim.lsp.sync')
018.250  000.846  000.465: require('vim.lsp._changetracking')
019.129  000.347  000.347: require('vim.lsp._transport')
019.145  000.011  000.011: require('vim._core.stringbuffer')
019.197  000.943  000.585: require('vim.lsp.rpc')
019.232  008.036  001.818: require('vim.lsp')
019.451  008.497  000.461: require('lsp')
021.647  000.376  000.376: require('vim._async')
021.663  001.614  001.239: require('vim.pack')
021.925  000.009  000.009: require('vim.F')
022.501  000.490  000.490: require('vim.version')
024.725  001.900  001.900: require('gruvbox')
028.593  003.495  003.495: sourcing /home/paul/.local/share/nvim-0.12/site/pack/core/opt/gruvbox.nvim/colors/gruvbox.lua
028.610  008.829  001.319: require('plugins.gruvbox')
030.066  000.239  000.239: require('mason-core.path')
030.988  000.215  000.215: require('mason-core.functional.data')
031.282  000.288  000.288: require('mason-core.functional.function')
031.714  000.424  000.424: require('mason-core.functional.list')
031.993  000.237  000.237: require('mason-core.functional.relation')
032.247  000.248  000.248: require('mason-core.functional.logic')
032.498  000.244  000.244: require('mason-core.functional.number')
032.766  000.260  000.260: require('mason-core.functional.string')
033.039  000.267  000.267: require('mason-core.functional.table')
033.256  000.210  000.210: require('mason-core.functional.type')
033.261  002.797  000.404: require('mason-core.functional')
033.296  003.225  000.428: require('mason-core.platform')
033.594  000.297  000.297: require('mason.settings')
033.600  004.064  000.303: require('mason-core.installer.InstallLocation')
034.525  000.360  000.360: require('mason-core.log')
034.530  000.590  000.230: require('mason-core.EventEmitter')
034.866  000.334  000.334: require('mason-registry.sources')
034.915  001.313  000.389: require('mason-registry')
034.918  005.661  000.284: require('mason')
036.123  000.510  000.510: require('mason.api.command')
036.134  007.522  001.351: require('plugins.mason')
036.690  000.554  000.554: require('plugins.nvim-lspconfig')
037.492  000.258  000.258: require('nvim-treesitter')
037.863  000.365  000.365: require('nvim-treesitter.config')
039.025  000.547  000.547: require('nvim-treesitter.async')
039.321  000.291  000.291: require('nvim-treesitter.log')
040.915  001.590  001.590: require('nvim-treesitter.parsers')
041.166  000.246  000.246: require('nvim-treesitter.util')
041.182  003.314  000.639: require('nvim-treesitter.install')
042.335  001.145  001.145: require('nvim-treesitter.parsers')
042.788  006.092  001.010: require('plugins.treesitter')
044.282  000.941  000.941: require('conform')
044.383  001.592  000.651: require('plugins.conform')
046.136  000.468  000.468: require('snacks')
046.891  002.506  002.037: require('plugins.snacks')
048.618  000.336  000.336: require('todo-comments.util')
048.638  000.859  000.524: require('todo-comments.config')
049.657  000.696  000.696: require('todo-comments.highlight')
049.662  001.021  000.325: require('todo-comments.jump')
049.664  002.194  000.314: require('todo-comments')
049.678  002.782  000.588: require('plugins.todo-comments')
050.951  000.783  000.783: require('nvim-surround')
052.507  000.447  000.447: require('nvim-surround.input')
052.601  001.645  001.198: require('nvim-surround.config')
052.748  003.069  000.641: require('plugins.nvim-surround')
055.132  001.877  001.877: require('mini.ai')
057.171  001.539  001.539: require('mini.align')
057.830  000.561  000.561: require('mini.comment')
058.365  000.488  000.488: require('mini.move')
059.011  000.564  000.564: require('mini.pairs')
060.806  000.718  000.718: require('mini.statusline')
061.547  000.678  000.678: require('mini.tabline')
061.627  000.014  000.014: sourcing nvim_exec2() called at /home/paul/.config/nvim-0.12/init.lua:0
061.631  008.879  002.440: require('plugins.mini')
062.636  000.396  000.396: require('gitsigns')
063.747  000.516  000.516: require('gitsigns.util')
063.757  001.068  000.551: require('gitsigns.config')
064.805  000.402  000.402: require('gitsigns.debug.log')
065.319  001.446  001.044: require('gitsigns.highlight')
065.647  000.303  000.303: require('gitsigns.debounce')
065.665  004.032  000.819: require('plugins.gitsigns')
066.789  000.253  000.253: require('nvim-tmux-navigation.tmux_util')
066.814  000.580  000.327: require('nvim-tmux-navigation')
066.900  001.233  000.653: require('plugins.nvim-tmux-navigation')
068.153  000.453  000.453: require('blink.cmp')
068.858  000.374  000.374: require('blink.cmp.config.utils')
069.176  000.312  000.312: require('blink.cmp.config.keymap')
069.692  000.239  000.239: require('blink.cmp.config.completion.keyword')
069.961  000.265  000.265: require('blink.cmp.config.completion.trigger')
070.205  000.240  000.240: require('blink.cmp.config.completion.list')
070.463  000.253  000.253: require('blink.cmp.config.completion.accept')
070.830  000.363  000.363: require('blink.cmp.config.completion.menu')
071.094  000.260  000.260: require('blink.cmp.config.completion.documentation')
071.313  000.216  000.216: require('blink.cmp.config.completion.ghost_text')
071.318  002.137  000.303: require('blink.cmp.config.completion')
071.666  000.347  000.347: require('blink.cmp.config.fuzzy')
071.957  000.287  000.287: require('blink.cmp.config.sources')
072.216  000.256  000.256: require('blink.cmp.config.signature')
072.522  000.302  000.302: require('blink.cmp.config.snippets')
072.778  000.253  000.253: require('blink.cmp.config.appearance')
073.015  000.234  000.234: require('blink.cmp.config.modes.cmdline')
073.227  000.208  000.208: require('blink.cmp.config.modes.term')
073.232  005.069  000.361: require('blink.cmp.config')
074.633  000.277  000.277: require('blink.cmp.config.modes.types')
075.742  000.396  000.396: require('blink.cmp.lib.async')
076.842  000.422  000.422: require('blink.cmp.lib.utils')
077.286  000.438  000.438: require('blink.cmp.fuzzy.download.system')
077.333  001.298  000.438: require('blink.cmp.fuzzy.download.files')
077.337  001.566  000.269: require('blink.cmp.fuzzy.download.git')
077.340  002.427  000.465: require('blink.cmp.fuzzy.download')
080.925  014.022  005.796: require('plugins.blink-cmp')
082.556  000.411  000.411: require('alpha.utils')
082.592  001.058  000.646: require('alpha.themes.startify')
083.664  001.068  001.068: require('alpha')
083.761  002.828  000.701: require('plugins.alpha')
083.768  064.314  000.374: require('plugins')
084.412  000.642  000.642: require('keymaps')
084.418  076.423  000.353: sourcing /home/paul/.config/nvim-0.12/init.lua
084.433  000.162: sourcing vimrc file(s)
085.724  000.338  000.338: sourcing /usr/local/share/nvim/runtime/syntax/synload.vim
085.839  001.366  001.028: sourcing /usr/local/share/nvim/runtime/syntax/syntax.vim
090.141  000.287  000.287: require('blink.cmp.lib.event_emitter')
090.153  001.075  000.788: require('blink.cmp.sources.lib')
090.851  002.148  001.073: sourcing /home/paul/.local/share/nvim-0.12/site/pack/core/opt/blink.cmp/plugin/blink-cmp.lua
091.826  000.278  000.278: sourcing /home/paul/.local/share/nvim-0.12/site/pack/core/opt/gitsigns.nvim/plugin/gitsigns.lua
092.831  000.638  000.638: sourcing /home/paul/.local/share/nvim-0.12/site/pack/core/opt/nvim-surround/plugin/nvim-surround.lua
093.465  000.304  000.304: sourcing /home/paul/.local/share/nvim-0.12/site/pack/core/opt/todo-comments.nvim/plugin/todo.vim
093.955  000.207  000.207: sourcing /home/paul/.local/share/nvim-0.12/site/pack/core/opt/nvim-web-devicons/plugin/nvim-web-devicons.vim
096.138  000.936  000.936: sourcing /home/paul/.local/share/nvim-0.12/site/pack/core/opt/snacks.nvim/plugin/snacks.lua
096.581  000.171  000.171: sourcing /home/paul/.local/share/nvim-0.12/site/pack/core/opt/conform.nvim/plugin/conform.lua
099.079  000.235  000.235: require('vim.treesitter.language')
099.236  000.153  000.153: require('vim.func')
099.479  000.240  000.240: require('vim.treesitter._range')
099.752  000.268  000.268: require('vim.func._memoize')
099.802  001.716  000.820: require('vim.treesitter.query')
099.819  002.427  000.711: require('vim.treesitter.languagetree')
099.824  002.847  000.420: require('vim.treesitter')
099.907  003.156  000.310: sourcing /home/paul/.local/share/nvim-0.12/site/pack/core/opt/nvim-treesitter/plugin/filetypes.lua
100.110  000.186  000.186: sourcing /home/paul/.local/share/nvim-0.12/site/pack/core/opt/nvim-treesitter/plugin/nvim-treesitter.lua
100.263  000.138  000.138: sourcing /home/paul/.local/share/nvim-0.12/site/pack/core/opt/nvim-treesitter/plugin/query_predicates.lua
100.753  000.327  000.327: sourcing /home/paul/.local/share/nvim-0.12/site/pack/core/opt/nvim-lspconfig/plugin/lspconfig.lua
101.324  000.333  000.333: sourcing /usr/local/share/nvim/runtime/plugin/gzip.vim
101.993  000.218  000.218: sourcing /usr/local/share/nvim/runtime/pack/dist/opt/matchit/plugin/matchit.vim
102.024  000.673  000.456: sourcing /usr/local/share/nvim/runtime/plugin/matchit.vim
102.224  000.191  000.191: sourcing /usr/local/share/nvim/runtime/plugin/matchparen.vim
102.841  000.231  000.231: sourcing /usr/local/share/nvim/runtime/pack/dist/opt/netrw/plugin/netrwPlugin.vim
102.866  000.632  000.401: sourcing /usr/local/share/nvim/runtime/plugin/netrwPlugin.vim
103.068  000.182  000.182: sourcing /usr/local/share/nvim/runtime/plugin/rplugin.vim
103.234  000.151  000.151: sourcing /usr/local/share/nvim/runtime/plugin/tarPlugin.vim
103.361  000.109  000.109: sourcing /usr/local/share/nvim/runtime/plugin/tutor.vim
103.553  000.181  000.181: sourcing /usr/local/share/nvim/runtime/plugin/zipPlugin.vim
103.742  000.172  000.172: sourcing /usr/local/share/nvim/runtime/plugin/editorconfig.lua
103.902  000.149  000.149: sourcing /usr/local/share/nvim/runtime/plugin/man.lua
104.130  000.216  000.216: sourcing /usr/local/share/nvim/runtime/plugin/net.lua
104.315  000.171  000.171: sourcing /usr/local/share/nvim/runtime/plugin/osc52.lua
104.503  000.175  000.175: sourcing /usr/local/share/nvim/runtime/plugin/shada.lua
104.653  000.126  000.126: sourcing /usr/local/share/nvim/runtime/plugin/spellfile.lua
104.663  006.916: loading rtp plugins
104.714  000.052: loading packages
104.716  000.001: loading after plugins
104.725  000.010: inits 3
105.625  000.899: reading ShaDa
106.127  000.415  000.415: require('gitsigns.async')
106.178  000.139: opening buffers
106.415  000.228  000.228: require('snacks.explorer')
106.432  000.026: BufEnter autocommands
106.434  000.001: editing files in windows
110.175  000.532  000.532: require('nvim-web-devicons.filetypes')
111.438  000.990  000.990: require('nvim-web-devicons.default.icons_by_filename')
112.436  000.994  000.994: require('nvim-web-devicons.default.icons_by_file_extension')
112.661  000.221  000.221: require('nvim-web-devicons.default.icons_by_operating_system')
112.800  000.136  000.136: require('nvim-web-devicons.default.icons_by_desktop_environment')
112.933  000.132  000.132: require('nvim-web-devicons.default.icons_by_window_manager')
112.935  002.697  000.224: require('nvim-web-devicons.icons-default')
113.153  004.129  000.899: require('nvim-web-devicons')
115.458  004.896: VimEnter autocommands
116.270  000.396  000.396: require('snacks.util')
116.657  000.308  000.308: require('vim.ui')
116.662  001.194  000.490: require('snacks.input')
117.132  000.467  000.467: require('snacks.scope')
117.472  000.253  000.253: require('snacks.picker')
117.832  000.354  000.354: require('snacks.picker.config')
118.129  000.293  000.293: require('snacks.picker.config.highlights')
118.440  000.308  000.308: require('snacks.picker.config.defaults')
118.878  000.435  000.435: require('snacks.picker.config.sources')
119.082  000.201  000.201: require('snacks.picker.config.layouts')
120.573  001.610: UIEnter autocommands
120.944  000.303  000.303: sourcing /usr/local/share/nvim/runtime/autoload/provider/clipboard.vim
120.950  000.074: before starting main loop
121.636  000.515  000.515: require('snacks.statuscolumn')
122.283  000.818: first screen update
122.285  000.002: --- NVIM STARTED ---

--- Startup times for process: Primary (or UI client) ---

times in msec
 clock   self+sourced   self:  sourced script
 clock   elapsed:              other lines

000.001  000.001: --- NVIM STARTING ---
000.229  000.228: event init
000.325  000.096: early init
000.570  000.244: locale set
000.613  000.044: init first window
001.031  000.418: inits 1
001.044  000.013: window checked
001.047  000.003: parsing arguments
001.778  000.068  000.068: require('vim._core.shared')
001.901  000.005  000.005: require('string.buffer')
001.938  000.073  000.068: require('vim.inspect')
002.023  000.073  000.073: require('vim._core.options')
002.026  000.242  000.096: require('vim._core.editor')
002.080  000.052  000.052: require('vim._core.system')
002.081  000.394  000.032: require('vim._init_packages')
002.083  000.642: init lua interpreter
004.010  001.927: nvim_ui_attach
004.374  000.363: nvim_set_client_info
004.378  000.005: --- NVIM STARTED ---

--- Startup times for process: Embedded ---

times in msec
 clock   self+sourced   self:  sourced script
 clock   elapsed:              other lines

000.001  000.001: --- NVIM STARTING ---
000.159  000.158: event init
000.241  000.082: early init
000.485  000.244: locale set
000.532  000.047: init first window
001.086  000.554: inits 1
001.126  000.040: window checked
001.132  000.006: parsing arguments
001.865  000.068  000.068: require('vim._core.shared')
001.994  000.014  000.014: require('string.buffer')
002.033  000.084  000.069: require('vim.inspect')
002.191  000.145  000.145: require('vim._core.options')
002.201  000.330  000.102: require('vim._core.editor')
002.258  000.055  000.055: require('vim._core.system')
002.261  000.487  000.034: require('vim._init_packages')
002.267  000.648: init lua interpreter
002.343  000.076: expanding arguments
002.370  000.026: inits 2
002.662  000.293: init highlight
002.665  000.003: waiting for UI
003.132  000.467: done waiting for UI
003.190  000.058: clear screen
003.403  000.015  000.015: require('vim.keymap')
004.408  000.154  000.154: sourcing nvim_exec2()
004.440  000.006  000.006: require('vim._core.log')
005.238  000.616  000.616: require('vim.tty')
005.296  000.011  000.011: require('vim.text')
005.353  002.155  001.353: require('vim._core.defaults')
005.354  000.009: init default mappings & autocommands
005.401  000.028  000.028: sourcing /usr/local/share/nvim/runtime/ftplugin.vim
005.425  000.010  000.010: sourcing /usr/local/share/nvim/runtime/indent.vim
005.473  000.017  000.017: require('vim._core.ui2')
005.598  000.121  000.121: require('vim._core.ui2.cmdline')
005.948  000.349  000.349: require('vim._core.ui2.messages')
006.226  000.021  000.021: sourcing nvim_exec2() called at /usr/local/share/nvim/runtime/filetype.lua:0
006.229  000.063  000.043: sourcing /usr/local/share/nvim/runtime/filetype.lua
006.249  000.006  000.006: sourcing /usr/local/share/nvim/runtime/ftplugin.vim
006.261  000.003  000.003: sourcing /usr/local/share/nvim/runtime/indent.vim
006.266  000.265  000.193: require('options')
007.330  000.552  000.552: require('vim.lsp.protocol')
007.362  000.026  000.026: require('vim.fs')
007.379  000.668  000.090: require('vim.lsp.log')
008.218  000.005  000.005: require('vim._core.util')
008.227  000.847  000.841: require('vim.lsp.util')
008.443  000.088  000.088: require('vim.lsp.sync')
008.445  000.217  000.129: require('vim.lsp._changetracking')
008.682  000.063  000.063: require('vim.lsp._transport')
008.686  000.003  000.003: require('vim._core.stringbuffer')
008.715  000.269  000.203: require('vim.lsp.rpc')
008.730  002.449  000.449: require('vim.lsp')
008.804  002.537  000.088: require('lsp')
009.342  000.046  000.046: require('vim._async')
009.349  000.525  000.478: require('vim.pack')
009.379  000.003  000.003: require('vim.F')
009.578  000.144  000.144: require('vim.version')
010.528  000.821  000.821: require('gruvbox')
012.035  001.430  001.430: sourcing /home/paul/.local/share/nvim-0.12/site/pack/core/opt/gruvbox.nvim/colors/gruvbox.lua
012.044  003.228  000.306: require('plugins.gruvbox')
012.308  000.028  000.028: require('mason-core.path')
012.468  000.015  000.015: require('mason-core.functional.data')
012.522  000.052  000.052: require('mason-core.functional.function')
012.612  000.087  000.087: require('mason-core.functional.list')
012.636  000.020  000.020: require('mason-core.functional.relation')
012.682  000.027  000.027: require('mason-core.functional.logic')
012.699  000.015  000.015: require('mason-core.functional.number')
012.742  000.041  000.041: require('mason-core.functional.string')
012.775  000.031  000.031: require('mason-core.functional.table')
012.790  000.013  000.013: require('mason-core.functional.type')
012.791  000.392  000.090: require('mason-core.functional')
012.809  000.499  000.108: require('mason-core.platform')
012.872  000.062  000.062: require('mason.settings')
012.875  000.637  000.048: require('mason-core.installer.InstallLocation')
013.085  000.091  000.091: require('mason-core.log')
013.086  000.119  000.028: require('mason-core.EventEmitter')
013.180  000.093  000.093: require('mason-registry.sources')
013.204  000.329  000.116: require('mason-registry')
013.205  001.000  000.034: require('mason')
013.440  000.148  000.148: require('mason.api.command')
013.444  001.398  000.250: require('plugins.mason')
013.551  000.106  000.106: require('plugins.nvim-lspconfig')
013.709  000.021  000.021: require('nvim-treesitter')
013.787  000.077  000.077: require('nvim-treesitter.config')
014.197  000.190  000.190: require('nvim-treesitter.async')
014.247  000.048  000.048: require('nvim-treesitter.log')
014.843  000.595  000.595: require('nvim-treesitter.parsers')
014.866  000.021  000.021: require('nvim-treesitter.util')
014.872  001.084  000.230: require('nvim-treesitter.install')
015.518  000.643  000.643: require('nvim-treesitter.parsers')
015.714  002.162  000.337: require('plugins.treesitter')
016.237  000.366  000.366: require('conform')
016.287  000.571  000.205: require('plugins.conform')
016.914  000.147  000.147: require('snacks')
017.475  001.187  001.040: require('plugins.snacks')
017.880  000.068  000.068: require('todo-comments.util')
017.904  000.248  000.180: require('todo-comments.config')
018.484  000.527  000.527: require('todo-comments.highlight')
018.489  000.585  000.057: require('todo-comments.jump')
018.492  000.862  000.029: require('todo-comments')
018.508  001.031  000.169: require('plugins.todo-comments')
019.345  000.512  000.512: require('nvim-surround')
019.864  000.114  000.114: require('nvim-surround.input')
019.901  000.552  000.437: require('nvim-surround.config')
019.919  001.410  000.346: require('plugins.nvim-surround')
020.795  000.719  000.719: require('mini.ai')
021.628  000.634  000.634: require('mini.align')
021.863  000.188  000.188: require('mini.comment')
022.049  000.146  000.146: require('mini.move')
022.434  000.361  000.361: require('mini.pairs')
023.086  000.222  000.222: require('mini.statusline')
023.313  000.179  000.179: require('mini.tabline')
023.376  000.010  000.010: sourcing nvim_exec2() called at /home/paul/.config/nvim-0.12/init.lua:0
023.378  003.457  000.998: require('plugins.mini')
023.626  000.104  000.104: require('gitsigns')
023.951  000.161  000.161: require('gitsigns.util')
023.955  000.298  000.138: require('gitsigns.config')
024.337  000.115  000.115: require('gitsigns.debug.log')
024.544  000.523  000.408: require('gitsigns.highlight')
024.609  000.044  000.044: require('gitsigns.debounce')
024.617  001.238  000.268: require('plugins.gitsigns')
024.823  000.023  000.023: require('nvim-tmux-navigation.tmux_util')
024.834  000.078  000.055: require('nvim-tmux-navigation')
024.874  000.257  000.179: require('plugins.nvim-tmux-navigation')
025.308  000.161  000.161: require('blink.cmp')
025.418  000.031  000.031: require('blink.cmp.config.utils')
025.457  000.037  000.037: require('blink.cmp.config.keymap')
025.494  000.016  000.016: require('blink.cmp.config.completion.keyword')
025.519  000.025  000.025: require('blink.cmp.config.completion.trigger')
025.556  000.036  000.036: require('blink.cmp.config.completion.list')
025.589  000.032  000.032: require('blink.cmp.config.completion.accept')
025.702  000.112  000.112: require('blink.cmp.config.completion.menu')
025.747  000.044  000.044: require('blink.cmp.config.completion.documentation')
025.763  000.016  000.016: require('blink.cmp.config.completion.ghost_text')
025.764  000.307  000.027: require('blink.cmp.config.completion')
025.817  000.053  000.053: require('blink.cmp.config.fuzzy')
025.866  000.048  000.048: require('blink.cmp.config.sources')
025.903  000.037  000.037: require('blink.cmp.config.signature')
025.962  000.057  000.057: require('blink.cmp.config.snippets')
025.996  000.033  000.033: require('blink.cmp.config.appearance')
026.015  000.018  000.018: require('blink.cmp.config.modes.cmdline')
026.029  000.013  000.013: require('blink.cmp.config.modes.term')
026.031  000.720  000.087: require('blink.cmp.config')
026.860  000.062  000.062: require('blink.cmp.config.modes.types')
027.224  000.100  000.100: require('blink.cmp.lib.async')
027.495  000.110  000.110: require('blink.cmp.lib.utils')
027.572  000.076  000.076: require('blink.cmp.fuzzy.download.system')
027.595  000.306  000.120: require('blink.cmp.fuzzy.download.files')
027.597  000.353  000.046: require('blink.cmp.fuzzy.download.git')
027.598  000.602  000.149: require('blink.cmp.fuzzy.download')
030.036  005.160  003.615: require('plugins.blink-cmp')
030.611  000.148  000.148: require('alpha.utils')
030.633  000.380  000.232: require('alpha.themes.startify')
031.113  000.479  000.479: require('alpha')
031.145  001.104  000.245: require('plugins.alpha')
031.146  022.342  000.031: require('plugins')
031.338  000.190  000.190: require('keymaps')
031.340  025.893  000.073: sourcing /home/paul/.config/nvim-0.12/init.lua
031.345  000.060: sourcing vimrc file(s)
031.558  000.044  000.044: sourcing /usr/local/share/nvim/runtime/syntax/synload.vim
031.606  000.240  000.196: sourcing /usr/local/share/nvim/runtime/syntax/syntax.vim
032.864  000.055  000.055: require('blink.cmp.lib.event_emitter')
032.873  000.293  000.239: require('blink.cmp.sources.lib')
033.162  000.703  000.410: sourcing /home/paul/.local/share/nvim-0.12/site/pack/core/opt/blink.cmp/plugin/blink-cmp.lua
033.230  000.025  000.025: sourcing /home/paul/.local/share/nvim-0.12/site/pack/core/opt/gitsigns.nvim/plugin/gitsigns.lua
033.491  000.229  000.229: sourcing /home/paul/.local/share/nvim-0.12/site/pack/core/opt/nvim-surround/plugin/nvim-surround.lua
033.542  000.014  000.014: sourcing /home/paul/.local/share/nvim-0.12/site/pack/core/opt/todo-comments.nvim/plugin/todo.vim
033.585  000.017  000.017: sourcing /home/paul/.local/share/nvim-0.12/site/pack/core/opt/nvim-web-devicons/plugin/nvim-web-devicons.vim
033.616  000.007  000.007: sourcing /home/paul/.local/share/nvim-0.12/site/pack/core/opt/snacks.nvim/plugin/snacks.lua
033.652  000.011  000.011: sourcing /home/paul/.local/share/nvim-0.12/site/pack/core/opt/conform.nvim/plugin/conform.lua
035.099  000.099  000.099: require('vim.treesitter.language')
035.129  000.027  000.027: require('vim.func')
035.231  000.100  000.100: require('vim.treesitter._range')
035.308  000.066  000.066: require('vim.func._memoize')
035.348  000.743  000.451: require('vim.treesitter.query')
035.364  001.243  000.500: require('vim.treesitter.languagetree')
035.368  001.580  000.337: require('vim.treesitter')
035.453  001.761  000.181: sourcing /home/paul/.local/share/nvim-0.12/site/pack/core/opt/nvim-treesitter/plugin/filetypes.lua
035.528  000.058  000.058: sourcing /home/paul/.local/share/nvim-0.12/site/pack/core/opt/nvim-treesitter/plugin/nvim-treesitter.lua
035.567  000.029  000.029: sourcing /home/paul/.local/share/nvim-0.12/site/pack/core/opt/nvim-treesitter/plugin/query_predicates.lua
035.844  000.176  000.176: sourcing /home/paul/.local/share/nvim-0.12/site/pack/core/opt/nvim-lspconfig/plugin/lspconfig.lua
036.056  000.090  000.090: sourcing /usr/local/share/nvim/runtime/plugin/gzip.vim
036.354  000.109  000.109: sourcing /usr/local/share/nvim/runtime/pack/dist/opt/matchit/plugin/matchit.vim
036.379  000.315  000.206: sourcing /usr/local/share/nvim/runtime/plugin/matchit.vim
036.445  000.059  000.059: sourcing /usr/local/share/nvim/runtime/plugin/matchparen.vim
036.712  000.101  000.101: sourcing /usr/local/share/nvim/runtime/pack/dist/opt/netrw/plugin/netrwPlugin.vim
036.729  000.277  000.176: sourcing /usr/local/share/nvim/runtime/plugin/netrwPlugin.vim
036.810  000.066  000.066: sourcing /usr/local/share/nvim/runtime/plugin/rplugin.vim
036.861  000.041  000.041: sourcing /usr/local/share/nvim/runtime/plugin/tarPlugin.vim
036.877  000.007  000.007: sourcing /usr/local/share/nvim/runtime/plugin/tutor.vim
036.941  000.056  000.056: sourcing /usr/local/share/nvim/runtime/plugin/zipPlugin.vim
036.983  000.028  000.028: sourcing /usr/local/share/nvim/runtime/plugin/editorconfig.lua
037.037  000.046  000.046: sourcing /usr/local/share/nvim/runtime/plugin/man.lua
037.129  000.083  000.083: sourcing /usr/local/share/nvim/runtime/plugin/net.lua
037.200  000.062  000.062: sourcing /usr/local/share/nvim/runtime/plugin/osc52.lua
037.284  000.077  000.077: sourcing /usr/local/share/nvim/runtime/plugin/shada.lua
037.320  000.016  000.016: sourcing /usr/local/share/nvim/runtime/plugin/spellfile.lua
037.327  001.488: loading rtp plugins
037.376  000.049: loading packages
037.377  000.001: loading after plugins
037.387  000.009: inits 3
038.331  000.945: reading ShaDa
038.410  000.079: opening buffers
038.535  000.113  000.113: require('snacks.explorer')
038.548  000.025: BufEnter autocommands
038.549  000.001: editing files in windows
040.489  000.213  000.213: require('nvim-web-devicons.filetypes')
041.344  000.774  000.774: require('nvim-web-devicons.default.icons_by_filename')
041.829  000.482  000.482: require('nvim-web-devicons.default.icons_by_file_extension')
041.910  000.080  000.080: require('nvim-web-devicons.default.icons_by_operating_system')
041.936  000.024  000.024: require('nvim-web-devicons.default.icons_by_desktop_environment')
041.964  000.027  000.027: require('nvim-web-devicons.default.icons_by_window_manager')
041.965  001.427  000.039: require('nvim-web-devicons.icons-default')
042.390  002.353  000.713: require('nvim-web-devicons')
045.149  004.247: VimEnter autocommands
045.565  000.227  000.227: require('snacks.util')
045.788  000.141  000.141: require('vim.ui')
045.794  000.634  000.265: require('snacks.input')
046.154  000.359  000.359: require('snacks.scope')
046.351  000.093  000.093: require('snacks.picker')
046.504  000.150  000.150: require('snacks.picker.config')
046.657  000.152  000.152: require('snacks.picker.config.highlights')
046.789  000.130  000.130: require('snacks.picker.config.defaults')
047.040  000.250  000.250: require('snacks.picker.config.sources')
047.112  000.071  000.071: require('snacks.picker.config.layouts')
048.495  001.508: UIEnter autocommands
048.691  000.136  000.136: sourcing /usr/local/share/nvim/runtime/autoload/provider/clipboard.vim
048.696  000.065: before starting main loop
049.113  000.201  000.201: require('snacks.statuscolumn')
049.730  000.833: first screen update
049.731  000.002: --- NVIM STARTED ---

